---------------------------------------------------------------
[ 2020-01-14T16:50:24+08:00 ] 127.0.0.1 GET /mobile/Apiport/getfamily
[ error ] [1]Uncaught exception 'think\exception\TemplateNotFoundException' with message 'template not exists:/var/www/hqy_mobile/public/../application/404.html' in /var/www/hqy_mobile/thinkphp/library/think/view/driver/Think.php:82
Stack trace:
#0 /var/www/hqy_mobile/thinkphp/library/think/View.php(163): think\view\driver\Think->fetch('/var/www/hqy_mo...', Array, Array)
#1 /var/www/hqy_mobile/thinkphp/library/think/response/View.php(36): think\View->fetch('/var/www/hqy_mo...', Array, Array)
#2 /var/www/hqy_mobile/thinkphp/library/think/Response.php(309): think\response\View->output('/var/www/hqy_mo...')
#3 /var/www/hqy_mobile/thinkphp/library/think/Response.php(94): think\Response->getContent()
#4 /var/www/hqy_mobile/thinkphp/library/think/Error.php(52): think\Response->send()
#5 [internal function]: think\Error::appException(Object(think\exception\HttpException))
#6 {main}
  thrown
---------------------------------------------------------------
[ 2020-01-14T16:50:24+08:00 ] 127.0.0.1 GET /mobile/Apiport/getproduct
[ error ] [1]Uncaught exception 'think\exception\TemplateNotFoundException' with message 'template not exists:/var/www/hqy_mobile/public/../application/404.html' in /var/www/hqy_mobile/thinkphp/library/think/view/driver/Think.php:82
Stack trace:
#0 /var/www/hqy_mobile/thinkphp/library/think/View.php(163): think\view\driver\Think->fetch('/var/www/hqy_mo...', Array, Array)
#1 /var/www/hqy_mobile/thinkphp/library/think/response/View.php(36): think\View->fetch('/var/www/hqy_mo...', Array, Array)
#2 /var/www/hqy_mobile/thinkphp/library/think/Response.php(309): think\response\View->output('/var/www/hqy_mo...')
#3 /var/www/hqy_mobile/thinkphp/library/think/Response.php(94): think\Response->getContent()
#4 /var/www/hqy_mobile/thinkphp/library/think/Error.php(52): think\Response->send()
#5 [internal function]: think\Error::appException(Object(think\exception\HttpException))
#6 {main}
  thrown
