---------------------------------------------------------------
[ 2020-01-10T15:11:34+08:00 ] 127.0.0.1 GET /uploads/images/2019121814/1-banner-%E3%80%90%E5%88%87%E5%9B%BE%E3%80%91_06.png
[ error ] [1]Uncaught exception 'think\exception\TemplateNotFoundException' with message 'template not exists:/var/www/hqy_mobile/public/../application/404.html' in /var/www/hqy_mobile/thinkphp/library/think/view/driver/Think.php:82
Stack trace:
#0 /var/www/hqy_mobile/thinkphp/library/think/View.php(163): think\view\driver\Think->fetch('/var/www/hqy_mo...', Array, Array)
#1 /var/www/hqy_mobile/thinkphp/library/think/response/View.php(36): think\View->fetch('/var/www/hqy_mo...', Array, Array)
#2 /var/www/hqy_mobile/thinkphp/library/think/Response.php(309): think\response\View->output('/var/www/hqy_mo...')
#3 /var/www/hqy_mobile/thinkphp/library/think/Response.php(94): think\Response->getContent()
#4 /var/www/hqy_mobile/thinkphp/library/think/Error.php(52): think\Response->send()
#5 [internal function]: think\Error::appException(Object(think\exception\HttpException))
#6 {main}
  thrown
---------------------------------------------------------------
[ 2020-01-10T15:11:34+08:00 ] 127.0.0.1 GET /uploads/images/2019121917/%E6%83%A0%E4%BC%81%E4%BA%91BANNER02.jpg
[ error ] [1]Uncaught exception 'think\exception\TemplateNotFoundException' with message 'template not exists:/var/www/hqy_mobile/public/../application/404.html' in /var/www/hqy_mobile/thinkphp/library/think/view/driver/Think.php:82
Stack trace:
#0 /var/www/hqy_mobile/thinkphp/library/think/View.php(163): think\view\driver\Think->fetch('/var/www/hqy_mo...', Array, Array)
#1 /var/www/hqy_mobile/thinkphp/library/think/response/View.php(36): think\View->fetch('/var/www/hqy_mo...', Array, Array)
#2 /var/www/hqy_mobile/thinkphp/library/think/Response.php(309): think\response\View->output('/var/www/hqy_mo...')
#3 /var/www/hqy_mobile/thinkphp/library/think/Response.php(94): think\Response->getContent()
#4 /var/www/hqy_mobile/thinkphp/library/think/Error.php(52): think\Response->send()
#5 [internal function]: think\Error::appException(Object(think\exception\HttpException))
#6 {main}
  thrown
---------------------------------------------------------------
[ 2020-01-10T15:11:34+08:00 ] 127.0.0.1 GET /uploads/images/2019121917/banner2.png
[ error ] [1]Uncaught exception 'think\exception\TemplateNotFoundException' with message 'template not exists:/var/www/hqy_mobile/public/../application/404.html' in /var/www/hqy_mobile/thinkphp/library/think/view/driver/Think.php:82
Stack trace:
#0 /var/www/hqy_mobile/thinkphp/library/think/View.php(163): think\view\driver\Think->fetch('/var/www/hqy_mo...', Array, Array)
#1 /var/www/hqy_mobile/thinkphp/library/think/response/View.php(36): think\View->fetch('/var/www/hqy_mo...', Array, Array)
#2 /var/www/hqy_mobile/thinkphp/library/think/Response.php(309): think\response\View->output('/var/www/hqy_mo...')
#3 /var/www/hqy_mobile/thinkphp/library/think/Response.php(94): think\Response->getContent()
#4 /var/www/hqy_mobile/thinkphp/library/think/Error.php(52): think\Response->send()
#5 [internal function]: think\Error::appException(Object(think\exception\HttpException))
#6 {main}
  thrown
---------------------------------------------------------------
[ 2020-01-10T15:11:35+08:00 ] 127.0.0.1 GET /uploads/imgs/protucts/hzs.png
[ error ] [1]Uncaught exception 'think\exception\TemplateNotFoundException' with message 'template not exists:/var/www/hqy_mobile/public/../application/404.html' in /var/www/hqy_mobile/thinkphp/library/think/view/driver/Think.php:82
Stack trace:
#0 /var/www/hqy_mobile/thinkphp/library/think/View.php(163): think\view\driver\Think->fetch('/var/www/hqy_mo...', Array, Array)
#1 /var/www/hqy_mobile/thinkphp/library/think/response/View.php(36): think\View->fetch('/var/www/hqy_mo...', Array, Array)
#2 /var/www/hqy_mobile/thinkphp/library/think/Response.php(309): think\response\View->output('/var/www/hqy_mo...')
#3 /var/www/hqy_mobile/thinkphp/library/think/Response.php(94): think\Response->getContent()
#4 /var/www/hqy_mobile/thinkphp/library/think/Error.php(52): think\Response->send()
#5 [internal function]: think\Error::appException(Object(think\exception\HttpException))
#6 {main}
  thrown
---------------------------------------------------------------
[ 2020-01-10T15:11:35+08:00 ] 127.0.0.1 GET /uploads/images/2019121615/hlg.png
[ error ] [1]Uncaught exception 'think\exception\TemplateNotFoundException' with message 'template not exists:/var/www/hqy_mobile/public/../application/404.html' in /var/www/hqy_mobile/thinkphp/library/think/view/driver/Think.php:82
Stack trace:
#0 /var/www/hqy_mobile/thinkphp/library/think/View.php(163): think\view\driver\Think->fetch('/var/www/hqy_mo...', Array, Array)
#1 /var/www/hqy_mobile/thinkphp/library/think/response/View.php(36): think\View->fetch('/var/www/hqy_mo...', Array, Array)
#2 /var/www/hqy_mobile/thinkphp/library/think/Response.php(309): think\response\View->output('/var/www/hqy_mo...')
#3 /var/www/hqy_mobile/thinkphp/library/think/Response.php(94): think\Response->getContent()
#4 /var/www/hqy_mobile/thinkphp/library/think/Error.php(52): think\Response->send()
#5 [internal function]: think\Error::appException(Object(think\exception\HttpException))
#6 {main}
  thrown
---------------------------------------------------------------
[ 2020-01-10T15:11:35+08:00 ] 127.0.0.1 GET /uploads/images/2019121615/hdx.png
[ error ] [1]Uncaught exception 'think\exception\TemplateNotFoundException' with message 'template not exists:/var/www/hqy_mobile/public/../application/404.html' in /var/www/hqy_mobile/thinkphp/library/think/view/driver/Think.php:82
Stack trace:
#0 /var/www/hqy_mobile/thinkphp/library/think/View.php(163): think\view\driver\Think->fetch('/var/www/hqy_mo...', Array, Array)
#1 /var/www/hqy_mobile/thinkphp/library/think/response/View.php(36): think\View->fetch('/var/www/hqy_mo...', Array, Array)
#2 /var/www/hqy_mobile/thinkphp/library/think/Response.php(309): think\response\View->output('/var/www/hqy_mo...')
#3 /var/www/hqy_mobile/thinkphp/library/think/Response.php(94): think\Response->getContent()
#4 /var/www/hqy_mobile/thinkphp/library/think/Error.php(52): think\Response->send()
#5 [internal function]: think\Error::appException(Object(think\exception\HttpException))
#6 {main}
  thrown
---------------------------------------------------------------
[ 2020-01-10T15:11:35+08:00 ] 127.0.0.1 GET /uploads/images/2019121615/hcy.png
[ error ] [1]Uncaught exception 'think\exception\TemplateNotFoundException' with message 'template not exists:/var/www/hqy_mobile/public/../application/404.html' in /var/www/hqy_mobile/thinkphp/library/think/view/driver/Think.php:82
Stack trace:
#0 /var/www/hqy_mobile/thinkphp/library/think/View.php(163): think\view\driver\Think->fetch('/var/www/hqy_mo...', Array, Array)
#1 /var/www/hqy_mobile/thinkphp/library/think/response/View.php(36): think\View->fetch('/var/www/hqy_mo...', Array, Array)
#2 /var/www/hqy_mobile/thinkphp/library/think/Response.php(309): think\response\View->output('/var/www/hqy_mo...')
#3 /var/www/hqy_mobile/thinkphp/library/think/Response.php(94): think\Response->getContent()
#4 /var/www/hqy_mobile/thinkphp/library/think/Error.php(52): think\Response->send()
#5 [internal function]: think\Error::appException(Object(think\exception\HttpException))
#6 {main}
  thrown
---------------------------------------------------------------
[ 2020-01-10T15:11:35+08:00 ] 127.0.0.1 GET /uploads/images/2019121615/huichuangyou.png
[ error ] [1]Uncaught exception 'think\exception\TemplateNotFoundException' with message 'template not exists:/var/www/hqy_mobile/public/../application/404.html' in /var/www/hqy_mobile/thinkphp/library/think/view/driver/Think.php:82
Stack trace:
#0 /var/www/hqy_mobile/thinkphp/library/think/View.php(163): think\view\driver\Think->fetch('/var/www/hqy_mo...', Array, Array)
#1 /var/www/hqy_mobile/thinkphp/library/think/response/View.php(36): think\View->fetch('/var/www/hqy_mo...', Array, Array)
#2 /var/www/hqy_mobile/thinkphp/library/think/Response.php(309): think\response\View->output('/var/www/hqy_mo...')
#3 /var/www/hqy_mobile/thinkphp/library/think/Response.php(94): think\Response->getContent()
#4 /var/www/hqy_mobile/thinkphp/library/think/Error.php(52): think\Response->send()
#5 [internal function]: think\Error::appException(Object(think\exception\HttpException))
#6 {main}
  thrown
---------------------------------------------------------------
[ 2020-01-10T15:11:35+08:00 ] 127.0.0.1 GET /uploads/images/2019121615/hzs.png
[ error ] [1]Uncaught exception 'think\exception\TemplateNotFoundException' with message 'template not exists:/var/www/hqy_mobile/public/../application/404.html' in /var/www/hqy_mobile/thinkphp/library/think/view/driver/Think.php:82
Stack trace:
#0 /var/www/hqy_mobile/thinkphp/library/think/View.php(163): think\view\driver\Think->fetch('/var/www/hqy_mo...', Array, Array)
#1 /var/www/hqy_mobile/thinkphp/library/think/response/View.php(36): think\View->fetch('/var/www/hqy_mo...', Array, Array)
#2 /var/www/hqy_mobile/thinkphp/library/think/Response.php(309): think\response\View->output('/var/www/hqy_mo...')
#3 /var/www/hqy_mobile/thinkphp/library/think/Response.php(94): think\Response->getContent()
#4 /var/www/hqy_mobile/thinkphp/library/think/Error.php(52): think\Response->send()
#5 [internal function]: think\Error::appException(Object(think\exception\HttpException))
#6 {main}
  thrown
---------------------------------------------------------------
[ 2020-01-10T15:11:35+08:00 ] 127.0.0.1 GET /uploads/images/2019121615/hqd.png
[ error ] [1]Uncaught exception 'think\exception\TemplateNotFoundException' with message 'template not exists:/var/www/hqy_mobile/public/../application/404.html' in /var/www/hqy_mobile/thinkphp/library/think/view/driver/Think.php:82
Stack trace:
#0 /var/www/hqy_mobile/thinkphp/library/think/View.php(163): think\view\driver\Think->fetch('/var/www/hqy_mo...', Array, Array)
#1 /var/www/hqy_mobile/thinkphp/library/think/response/View.php(36): think\View->fetch('/var/www/hqy_mo...', Array, Array)
#2 /var/www/hqy_mobile/thinkphp/library/think/Response.php(309): think\response\View->output('/var/www/hqy_mo...')
#3 /var/www/hqy_mobile/thinkphp/library/think/Response.php(94): think\Response->getContent()
#4 /var/www/hqy_mobile/thinkphp/library/think/Error.php(52): think\Response->send()
#5 [internal function]: think\Error::appException(Object(think\exception\HttpException))
#6 {main}
  thrown
---------------------------------------------------------------
[ 2020-01-10T15:12:00+08:00 ] 127.0.0.1 GET /uploads/images/2019121814/1-banner-%E3%80%90%E5%88%87%E5%9B%BE%E3%80%91_06.png
[ error ] [1]Uncaught exception 'think\exception\TemplateNotFoundException' with message 'template not exists:/var/www/hqy_mobile/public/../application/404.html' in /var/www/hqy_mobile/thinkphp/library/think/view/driver/Think.php:82
Stack trace:
#0 /var/www/hqy_mobile/thinkphp/library/think/View.php(163): think\view\driver\Think->fetch('/var/www/hqy_mo...', Array, Array)
#1 /var/www/hqy_mobile/thinkphp/library/think/response/View.php(36): think\View->fetch('/var/www/hqy_mo...', Array, Array)
#2 /var/www/hqy_mobile/thinkphp/library/think/Response.php(309): think\response\View->output('/var/www/hqy_mo...')
#3 /var/www/hqy_mobile/thinkphp/library/think/Response.php(94): think\Response->getContent()
#4 /var/www/hqy_mobile/thinkphp/library/think/Error.php(52): think\Response->send()
#5 [internal function]: think\Error::appException(Object(think\exception\HttpException))
#6 {main}
  thrown
---------------------------------------------------------------
[ 2020-01-10T15:12:00+08:00 ] 127.0.0.1 GET /uploads/images/2019121917/%E6%83%A0%E4%BC%81%E4%BA%91BANNER02.jpg
[ error ] [1]Uncaught exception 'think\exception\TemplateNotFoundException' with message 'template not exists:/var/www/hqy_mobile/public/../application/404.html' in /var/www/hqy_mobile/thinkphp/library/think/view/driver/Think.php:82
Stack trace:
#0 /var/www/hqy_mobile/thinkphp/library/think/View.php(163): think\view\driver\Think->fetch('/var/www/hqy_mo...', Array, Array)
#1 /var/www/hqy_mobile/thinkphp/library/think/response/View.php(36): think\View->fetch('/var/www/hqy_mo...', Array, Array)
#2 /var/www/hqy_mobile/thinkphp/library/think/Response.php(309): think\response\View->output('/var/www/hqy_mo...')
#3 /var/www/hqy_mobile/thinkphp/library/think/Response.php(94): think\Response->getContent()
#4 /var/www/hqy_mobile/thinkphp/library/think/Error.php(52): think\Response->send()
#5 [internal function]: think\Error::appException(Object(think\exception\HttpException))
#6 {main}
  thrown
---------------------------------------------------------------
[ 2020-01-10T15:12:00+08:00 ] 127.0.0.1 GET /uploads/images/2019121917/banner2.png
[ error ] [1]Uncaught exception 'think\exception\TemplateNotFoundException' with message 'template not exists:/var/www/hqy_mobile/public/../application/404.html' in /var/www/hqy_mobile/thinkphp/library/think/view/driver/Think.php:82
Stack trace:
#0 /var/www/hqy_mobile/thinkphp/library/think/View.php(163): think\view\driver\Think->fetch('/var/www/hqy_mo...', Array, Array)
#1 /var/www/hqy_mobile/thinkphp/library/think/response/View.php(36): think\View->fetch('/var/www/hqy_mo...', Array, Array)
#2 /var/www/hqy_mobile/thinkphp/library/think/Response.php(309): think\response\View->output('/var/www/hqy_mo...')
#3 /var/www/hqy_mobile/thinkphp/library/think/Response.php(94): think\Response->getContent()
#4 /var/www/hqy_mobile/thinkphp/library/think/Error.php(52): think\Response->send()
#5 [internal function]: think\Error::appException(Object(think\exception\HttpException))
#6 {main}
  thrown
---------------------------------------------------------------
[ 2020-01-10T15:12:11+08:00 ] 127.0.0.1 GET /uploads/images/2019121917/%E6%83%A0%E4%BC%81%E4%BA%91BANNER02.jpg
[ error ] [1]Uncaught exception 'think\exception\TemplateNotFoundException' with message 'template not exists:/var/www/hqy_mobile/public/../application/404.html' in /var/www/hqy_mobile/thinkphp/library/think/view/driver/Think.php:82
Stack trace:
#0 /var/www/hqy_mobile/thinkphp/library/think/View.php(163): think\view\driver\Think->fetch('/var/www/hqy_mo...', Array, Array)
#1 /var/www/hqy_mobile/thinkphp/library/think/response/View.php(36): think\View->fetch('/var/www/hqy_mo...', Array, Array)
#2 /var/www/hqy_mobile/thinkphp/library/think/Response.php(309): think\response\View->output('/var/www/hqy_mo...')
#3 /var/www/hqy_mobile/thinkphp/library/think/Response.php(94): think\Response->getContent()
#4 /var/www/hqy_mobile/thinkphp/library/think/Error.php(52): think\Response->send()
#5 [internal function]: think\Error::appException(Object(think\exception\HttpException))
#6 {main}
  thrown
---------------------------------------------------------------
[ 2020-01-10T15:12:11+08:00 ] 127.0.0.1 GET /uploads/images/2019121814/1-banner-%E3%80%90%E5%88%87%E5%9B%BE%E3%80%91_06.png
[ error ] [1]Uncaught exception 'think\exception\TemplateNotFoundException' with message 'template not exists:/var/www/hqy_mobile/public/../application/404.html' in /var/www/hqy_mobile/thinkphp/library/think/view/driver/Think.php:82
Stack trace:
#0 /var/www/hqy_mobile/thinkphp/library/think/View.php(163): think\view\driver\Think->fetch('/var/www/hqy_mo...', Array, Array)
#1 /var/www/hqy_mobile/thinkphp/library/think/response/View.php(36): think\View->fetch('/var/www/hqy_mo...', Array, Array)
#2 /var/www/hqy_mobile/thinkphp/library/think/Response.php(309): think\response\View->output('/var/www/hqy_mo...')
#3 /var/www/hqy_mobile/thinkphp/library/think/Response.php(94): think\Response->getContent()
#4 /var/www/hqy_mobile/thinkphp/library/think/Error.php(52): think\Response->send()
#5 [internal function]: think\Error::appException(Object(think\exception\HttpException))
#6 {main}
  thrown
---------------------------------------------------------------
[ 2020-01-10T15:12:11+08:00 ] 127.0.0.1 GET /uploads/images/2019121917/banner2.png
[ error ] [1]Uncaught exception 'think\exception\TemplateNotFoundException' with message 'template not exists:/var/www/hqy_mobile/public/../application/404.html' in /var/www/hqy_mobile/thinkphp/library/think/view/driver/Think.php:82
Stack trace:
#0 /var/www/hqy_mobile/thinkphp/library/think/View.php(163): think\view\driver\Think->fetch('/var/www/hqy_mo...', Array, Array)
#1 /var/www/hqy_mobile/thinkphp/library/think/response/View.php(36): think\View->fetch('/var/www/hqy_mo...', Array, Array)
#2 /var/www/hqy_mobile/thinkphp/library/think/Response.php(309): think\response\View->output('/var/www/hqy_mo...')
#3 /var/www/hqy_mobile/thinkphp/library/think/Response.php(94): think\Response->getContent()
#4 /var/www/hqy_mobile/thinkphp/library/think/Error.php(52): think\Response->send()
#5 [internal function]: think\Error::appException(Object(think\exception\HttpException))
#6 {main}
  thrown
---------------------------------------------------------------
[ 2020-01-10T15:12:11+08:00 ] 127.0.0.1 GET /uploads/imgs/protucts/hzs.png
[ error ] [1]Uncaught exception 'think\exception\TemplateNotFoundException' with message 'template not exists:/var/www/hqy_mobile/public/../application/404.html' in /var/www/hqy_mobile/thinkphp/library/think/view/driver/Think.php:82
Stack trace:
#0 /var/www/hqy_mobile/thinkphp/library/think/View.php(163): think\view\driver\Think->fetch('/var/www/hqy_mo...', Array, Array)
#1 /var/www/hqy_mobile/thinkphp/library/think/response/View.php(36): think\View->fetch('/var/www/hqy_mo...', Array, Array)
#2 /var/www/hqy_mobile/thinkphp/library/think/Response.php(309): think\response\View->output('/var/www/hqy_mo...')
#3 /var/www/hqy_mobile/thinkphp/library/think/Response.php(94): think\Response->getContent()
#4 /var/www/hqy_mobile/thinkphp/library/think/Error.php(52): think\Response->send()
#5 [internal function]: think\Error::appException(Object(think\exception\HttpException))
#6 {main}
  thrown
---------------------------------------------------------------
[ 2020-01-10T15:12:12+08:00 ] 127.0.0.1 GET /uploads/images/2019121615/huichuangyou.png
[ error ] [1]Uncaught exception 'think\exception\TemplateNotFoundException' with message 'template not exists:/var/www/hqy_mobile/public/../application/404.html' in /var/www/hqy_mobile/thinkphp/library/think/view/driver/Think.php:82
Stack trace:
#0 /var/www/hqy_mobile/thinkphp/library/think/View.php(163): think\view\driver\Think->fetch('/var/www/hqy_mo...', Array, Array)
#1 /var/www/hqy_mobile/thinkphp/library/think/response/View.php(36): think\View->fetch('/var/www/hqy_mo...', Array, Array)
#2 /var/www/hqy_mobile/thinkphp/library/think/Response.php(309): think\response\View->output('/var/www/hqy_mo...')
#3 /var/www/hqy_mobile/thinkphp/library/think/Response.php(94): think\Response->getContent()
#4 /var/www/hqy_mobile/thinkphp/library/think/Error.php(52): think\Response->send()
#5 [internal function]: think\Error::appException(Object(think\exception\HttpException))
#6 {main}
  thrown
---------------------------------------------------------------
[ 2020-01-10T15:12:12+08:00 ] 127.0.0.1 GET /uploads/images/2019121615/hlg.png
[ error ] [1]Uncaught exception 'think\exception\TemplateNotFoundException' with message 'template not exists:/var/www/hqy_mobile/public/../application/404.html' in /var/www/hqy_mobile/thinkphp/library/think/view/driver/Think.php:82
Stack trace:
#0 /var/www/hqy_mobile/thinkphp/library/think/View.php(163): think\view\driver\Think->fetch('/var/www/hqy_mo...', Array, Array)
#1 /var/www/hqy_mobile/thinkphp/library/think/response/View.php(36): think\View->fetch('/var/www/hqy_mo...', Array, Array)
#2 /var/www/hqy_mobile/thinkphp/library/think/Response.php(309): think\response\View->output('/var/www/hqy_mo...')
#3 /var/www/hqy_mobile/thinkphp/library/think/Response.php(94): think\Response->getContent()
#4 /var/www/hqy_mobile/thinkphp/library/think/Error.php(52): think\Response->send()
#5 [internal function]: think\Error::appException(Object(think\exception\HttpException))
#6 {main}
  thrown
---------------------------------------------------------------
[ 2020-01-10T15:12:12+08:00 ] 127.0.0.1 GET /uploads/images/2019121615/hdx.png
[ error ] [1]Uncaught exception 'think\exception\TemplateNotFoundException' with message 'template not exists:/var/www/hqy_mobile/public/../application/404.html' in /var/www/hqy_mobile/thinkphp/library/think/view/driver/Think.php:82
Stack trace:
#0 /var/www/hqy_mobile/thinkphp/library/think/View.php(163): think\view\driver\Think->fetch('/var/www/hqy_mo...', Array, Array)
#1 /var/www/hqy_mobile/thinkphp/library/think/response/View.php(36): think\View->fetch('/var/www/hqy_mo...', Array, Array)
#2 /var/www/hqy_mobile/thinkphp/library/think/Response.php(309): think\response\View->output('/var/www/hqy_mo...')
#3 /var/www/hqy_mobile/thinkphp/library/think/Response.php(94): think\Response->getContent()
#4 /var/www/hqy_mobile/thinkphp/library/think/Error.php(52): think\Response->send()
#5 [internal function]: think\Error::appException(Object(think\exception\HttpException))
#6 {main}
  thrown
---------------------------------------------------------------
[ 2020-01-10T15:12:12+08:00 ] 127.0.0.1 GET /uploads/images/2019121615/hcy.png
[ error ] [1]Uncaught exception 'think\exception\TemplateNotFoundException' with message 'template not exists:/var/www/hqy_mobile/public/../application/404.html' in /var/www/hqy_mobile/thinkphp/library/think/view/driver/Think.php:82
Stack trace:
#0 /var/www/hqy_mobile/thinkphp/library/think/View.php(163): think\view\driver\Think->fetch('/var/www/hqy_mo...', Array, Array)
#1 /var/www/hqy_mobile/thinkphp/library/think/response/View.php(36): think\View->fetch('/var/www/hqy_mo...', Array, Array)
#2 /var/www/hqy_mobile/thinkphp/library/think/Response.php(309): think\response\View->output('/var/www/hqy_mo...')
#3 /var/www/hqy_mobile/thinkphp/library/think/Response.php(94): think\Response->getContent()
#4 /var/www/hqy_mobile/thinkphp/library/think/Error.php(52): think\Response->send()
#5 [internal function]: think\Error::appException(Object(think\exception\HttpException))
#6 {main}
  thrown
---------------------------------------------------------------
[ 2020-01-10T15:12:12+08:00 ] 127.0.0.1 GET /uploads/images/2019121615/hzs.png
[ error ] [1]Uncaught exception 'think\exception\TemplateNotFoundException' with message 'template not exists:/var/www/hqy_mobile/public/../application/404.html' in /var/www/hqy_mobile/thinkphp/library/think/view/driver/Think.php:82
Stack trace:
#0 /var/www/hqy_mobile/thinkphp/library/think/View.php(163): think\view\driver\Think->fetch('/var/www/hqy_mo...', Array, Array)
#1 /var/www/hqy_mobile/thinkphp/library/think/response/View.php(36): think\View->fetch('/var/www/hqy_mo...', Array, Array)
#2 /var/www/hqy_mobile/thinkphp/library/think/Response.php(309): think\response\View->output('/var/www/hqy_mo...')
#3 /var/www/hqy_mobile/thinkphp/library/think/Response.php(94): think\Response->getContent()
#4 /var/www/hqy_mobile/thinkphp/library/think/Error.php(52): think\Response->send()
#5 [internal function]: think\Error::appException(Object(think\exception\HttpException))
#6 {main}
  thrown
---------------------------------------------------------------
[ 2020-01-10T15:12:12+08:00 ] 127.0.0.1 GET /uploads/images/2019121615/hqd.png
[ error ] [1]Uncaught exception 'think\exception\TemplateNotFoundException' with message 'template not exists:/var/www/hqy_mobile/public/../application/404.html' in /var/www/hqy_mobile/thinkphp/library/think/view/driver/Think.php:82
Stack trace:
#0 /var/www/hqy_mobile/thinkphp/library/think/View.php(163): think\view\driver\Think->fetch('/var/www/hqy_mo...', Array, Array)
#1 /var/www/hqy_mobile/thinkphp/library/think/response/View.php(36): think\View->fetch('/var/www/hqy_mo...', Array, Array)
#2 /var/www/hqy_mobile/thinkphp/library/think/Response.php(309): think\response\View->output('/var/www/hqy_mo...')
#3 /var/www/hqy_mobile/thinkphp/library/think/Response.php(94): think\Response->getContent()
#4 /var/www/hqy_mobile/thinkphp/library/think/Error.php(52): think\Response->send()
#5 [internal function]: think\Error::appException(Object(think\exception\HttpException))
#6 {main}
  thrown
---------------------------------------------------------------
[ 2020-01-10T15:21:01+08:00 ] 127.0.0.1 GET /mobile/Apiport/getfamily
[ error ] [8]未定义数组索引: imgs
---------------------------------------------------------------
[ 2020-01-10T15:27:11+08:00 ] 127.0.0.1 GET /mobile/Apiport/getfamily
[ error ] [8]未定义数组索引: imgs
---------------------------------------------------------------
[ 2020-01-10T15:27:18+08:00 ] 127.0.0.1 GET /mobile/Apiport/getfamily
[ error ] [8]未定义数组索引: imgs
---------------------------------------------------------------
[ 2020-01-10T15:27:31+08:00 ] 127.0.0.1 GET /mobile/Apiport/getfamily
[ error ] [8]未定义数组索引: imgs
---------------------------------------------------------------
[ 2020-01-10T15:33:20+08:00 ] 127.0.0.1 GET /mobile/Apiport/getfamily
[ error ] [8]未定义数组索引: imgs
---------------------------------------------------------------
[ 2020-01-10T15:34:18+08:00 ] 127.0.0.1 GET /mobile/Apiport/getfamily
[ error ] [8]未定义数组索引: imgs
---------------------------------------------------------------
[ 2020-01-10T15:35:34+08:00 ] 127.0.0.1 GET /mobile/Apiport/getfamily
[ error ] [8]未定义数组索引: imgs
---------------------------------------------------------------
[ 2020-01-10T15:45:19+08:00 ] 127.0.0.1 GET /mobile/Apiport/getfamily
[ error ] [8]未定义数组索引: imgs
---------------------------------------------------------------
[ 2020-01-10T15:45:34+08:00 ] 127.0.0.1 GET /mobile/Apiport/getfamily
[ error ] [8]未定义数组索引: imgs
---------------------------------------------------------------
[ 2020-01-10T15:47:24+08:00 ] 127.0.0.1 GET /mobile/Apiport/getfamily
[ error ] [8]未定义数组索引: imgs
---------------------------------------------------------------
[ 2020-01-10T15:50:23+08:00 ] 127.0.0.1 GET /mobile/Apiport/getfamily
[ error ] [8]未定义数组索引: imgs
---------------------------------------------------------------
[ 2020-01-10T15:51:54+08:00 ] 127.0.0.1 GET /mobile/Apiport/getfamily
[ error ] [8]未定义数组索引: imgs
---------------------------------------------------------------
[ 2020-01-10T15:55:52+08:00 ] 127.0.0.1 GET /mobile/Apiport/getfamily
[ error ] [8]未定义数组索引: imgs
---------------------------------------------------------------
[ 2020-01-10T16:35:58+08:00 ] 127.0.0.1 GET /mobile/Apiport/getfamily
[ error ] [8]未定义数组索引: imgs
---------------------------------------------------------------
[ 2020-01-10T16:38:10+08:00 ] 127.0.0.1 GET /mobile/Apiport/getfamily
[ error ] [8]未定义数组索引: imgs
---------------------------------------------------------------
[ 2020-01-10T16:47:40+08:00 ] 127.0.0.1 GET /mobile/Apiport/getfamily
[ error ] [8]未定义数组索引: imgs
---------------------------------------------------------------
[ 2020-01-10T16:48:16+08:00 ] 127.0.0.1 GET /mobile/Apiport/getfamily
[ error ] [8]未定义数组索引: imgs
---------------------------------------------------------------
[ 2020-01-10T16:48:44+08:00 ] 127.0.0.1 GET /mobile/Apiport/getfamily
[ error ] [8]未定义数组索引: imgs
---------------------------------------------------------------
[ 2020-01-10T16:49:01+08:00 ] 127.0.0.1 GET /mobile/Apiport/getfamily
[ error ] [8]未定义数组索引: imgs
---------------------------------------------------------------
[ 2020-01-10T16:49:07+08:00 ] 127.0.0.1 GET /mobile/Apiport/getfamily
[ error ] [8]未定义数组索引: imgs
---------------------------------------------------------------
[ 2020-01-10T16:50:10+08:00 ] 127.0.0.1 GET /mobile/Apiport/getfamily
[ error ] [8]未定义数组索引: imgs
---------------------------------------------------------------
[ 2020-01-10T16:50:28+08:00 ] 127.0.0.1 GET /mobile/Apiport/getfamily
[ error ] [8]未定义数组索引: imgs
---------------------------------------------------------------
[ 2020-01-10T16:51:07+08:00 ] 127.0.0.1 GET /mobile/Apiport/getfamily
[ error ] [8]未定义数组索引: imgs
---------------------------------------------------------------
[ 2020-01-10T16:51:28+08:00 ] 113.57.183.63 GET /mobile/Apiport/getfamily
[ error ] [8]未定义数组索引: imgs
---------------------------------------------------------------
[ 2020-01-10T16:52:05+08:00 ] 127.0.0.1 GET /mobile/Apiport/getfamily
[ error ] [8]未定义数组索引: imgs
---------------------------------------------------------------
[ 2020-01-10T16:52:31+08:00 ] 127.0.0.1 GET /mobile/Apiport/getfamily
[ error ] [8]未定义数组索引: imgs
---------------------------------------------------------------
[ 2020-01-10T16:52:41+08:00 ] 127.0.0.1 GET /mobile/Apiport/getfamily
[ error ] [8]未定义数组索引: imgs
